<?xml version="1.0" encoding="UTF-8"?>
<!-- Generated by org.testng.reporters.JUnitXMLReporter -->
<testsuite ignored="0" hostname="LAPTOP-MP8CPEST" failures="0" tests="4" name="FirstSuite" time="51.612" errors="0" timestamp="2025-05-07T15:57:49 CDT">
  <testcase classname="TestCases.MyFirstTest" name="loginTest" time="9.652"/>
  <testcase classname="TestCases.MyFirstTest" name="loginTest" time="7.97"/>
  <testcase classname="TestCases.MyFirstTest" name="loginTest" time="11.018"/>
  <testcase classname="TestCases.MyFirstTest" name="loginTest" time="7.885"/>
</testsuite> <!-- FirstSuite -->
